RECT.size() = 3
-------------------------------
>>>edge<<<
interval = (10, 30)
coord_val = (10)
-------------------------------
>>>edge<<<
interval = (15, 30)
coord_val = (15)
-------------------------------
>>>edge<<<
interval = (10, 25)
coord_val = (15)
-------------------------------
>>>edge<<<
interval = (10, 30)
coord_val = (20)
-------------------------------
>>>edge<<<
interval = (15, 30)
coord_val = (20)
-------------------------------
>>>edge<<<
interval = (10, 25)
coord_val = (40)
-------------------------------
VRX.size() = 6
bfr stripes
inelse
wtf
V.size() = 6
xm = 17
v1.size()3
v2.size()3
inelse
wtf
V.size() = 3
xm = 12
v1.size()1
v2.size()2
count = 0
----------------------------
START OF BASE CASE
------------------------------
Stripe 0
x_interval = (-9223372036854775808, 12)
y_interval = (-9223372036854775808, 10)
------------------------------
Stripe 1
x_interval = (-9223372036854775808, 12)
y_interval = (10, 30)
(10, 12)
------------------------------
Stripe 2
x_interval = (-9223372036854775808, 12)
y_interval = (30, 9223372036854775807)
END OF BASE CASE
----------------------------
inelse
wtf
V.size() = 2
xm = 15
v1.size()1
v2.size()1
count = 0
----------------------------
START OF BASE CASE
------------------------------
Stripe 0
x_interval = (12, 15)
y_interval = (-9223372036854775808, 15)
------------------------------
Stripe 1
x_interval = (12, 15)
y_interval = (15, 30)
(15, 15)
------------------------------
Stripe 2
x_interval = (12, 15)
y_interval = (30, 9223372036854775807)
END OF BASE CASE
----------------------------
count = 0
----------------------------
START OF BASE CASE
------------------------------
Stripe 0
x_interval = (15, 17)
y_interval = (-9223372036854775808, 10)
------------------------------
Stripe 1
x_interval = (15, 17)
y_interval = (10, 25)
(15, 17)
------------------------------
Stripe 2
x_interval = (15, 17)
y_interval = (25, 9223372036854775807)
END OF BASE CASE
----------------------------
P1 before merge
-9223372036854775808
15
30
9223372036854775807
P1 done
P2 before merge
-9223372036854775808
10
25
9223372036854775807
P2 done
merging....................
------------------------------
X interval (12 , 15)
y interval (-9223372036854775808 , 15)
Stripe 0
------------------------------
X interval (12 , 15)
y interval (15 , 30)
Stripe 1
(15, 15)
------------------------------
X interval (12 , 15)
y interval (30 , 9223372036854775807)
Stripe 2
########################################
Partition details size:- 6
-9223372036854775808
10
15
25
30
9223372036854775807
##################Parition ended
S Size5
------------------------------
X interval (15 , 17)
y interval (-9223372036854775808 , 10)
Stripe 0
------------------------------
X interval (15 , 17)
y interval (10 , 25)
Stripe 1
(15, 17)
------------------------------
X interval (15 , 17)
y interval (25 , 9223372036854775807)
Stripe 2
########################################
Partition details size:- 6
-9223372036854775808
10
15
25
30
9223372036854775807
##################Parition ended
S Size5
before blacken only S_right
Stripe_right 0
x-int (15 , 17)
Stripe_right 1
x-int (15 , 17)
Stripe_right 2
x-int (15 , 17)
Stripe_right 3
x-int (15 , 17)
Stripe_right 4
x-int (15 , 17)
S_left details
S_left 0
S_left 1
S_left 2
( 15 , 15)
S_left 3
( 15 , 15)
S_left 4
S_right details
S_rightt 0
S_rightt 1
( 15 , 17)
S_rightt 2
( 15 , 17)
S_rightt 3
S_rightt 4
x_union of Stripe 0
x_union of Stripe 0 ends
x_union of Stripe 1
( 15 , 17)
x_union of Stripe 1 ends
x_union of Stripe 2
( 15 , 17)
x_union of Stripe 2 ends
x_union of Stripe 3
( 15 , 15)
x_union of Stripe 3 ends
x_union of Stripe 4
x_union of Stripe 4 ends
Concat details(Only x_union)-----------
Stripe 0
Stripe 1
( 15, 17 )
Stripe 2
( 15, 17 )
Stripe 3
( 15, 15 )
Stripe 4
Concat ended-------------------
merging done :) ....................
P after merge
-9223372036854775808
10
15
25
30
9223372036854775807
P done
P1 before merge
-9223372036854775808
10
30
9223372036854775807
P1 done
P2 before merge
-9223372036854775808
10
15
25
30
9223372036854775807
P2 done
merging....................
------------------------------
X interval (-9223372036854775808 , 12)
y interval (-9223372036854775808 , 10)
Stripe 0
------------------------------
X interval (-9223372036854775808 , 12)
y interval (10 , 30)
Stripe 1
(10, 12)
------------------------------
X interval (-9223372036854775808 , 12)
y interval (30 , 9223372036854775807)
Stripe 2
########################################
Partition details size:- 6
-9223372036854775808
10
15
25
30
9223372036854775807
##################Parition ended
S Size5
------------------------------
X interval (12 , 17)
y interval (-9223372036854775808 , 10)
Stripe 0
------------------------------
X interval (12 , 17)
y interval (10 , 15)
Stripe 1
(15, 17)
------------------------------
X interval (12 , 17)
y interval (15 , 25)
Stripe 2
(15, 17)
------------------------------
X interval (12 , 17)
y interval (25 , 30)
Stripe 3
(15, 15)
------------------------------
X interval (12 , 17)
y interval (30 , 9223372036854775807)
Stripe 4
########################################
Partition details size:- 6
-9223372036854775808
10
15
25
30
9223372036854775807
##################Parition ended
S Size5
before blacken only S_right
Stripe_right 0
x-int (12 , 17)
Stripe_right 1
x-int (12 , 17)
Stripe_right 2
x-int (12 , 17)
Stripe_right 3
x-int (12 , 17)
Stripe_right 4
x-int (12 , 17)
S_left details
S_left 0
S_left 1
( 10 , 12)
S_left 2
( 10 , 12)
S_left 3
( 10 , 12)
S_left 4
S_right details
S_rightt 0
S_rightt 1
( 12 , 17)
S_rightt 2
( 15 , 17)
S_rightt 3
( 15 , 15)
S_rightt 4
x_union of Stripe 0
x_union of Stripe 0 ends
x_union of Stripe 1
( 10 , 17)
x_union of Stripe 1 ends
x_union of Stripe 2
( 10 , 12)
( 15 , 17)
x_union of Stripe 2 ends
x_union of Stripe 3
( 10 , 12)
( 15 , 15)
x_union of Stripe 3 ends
x_union of Stripe 4
x_union of Stripe 4 ends
Concat details(Only x_union)-----------
Stripe 0
Stripe 1
( 10, 17 )
Stripe 2
( 10, 12 )
( 15, 17 )
Stripe 3
( 10, 12 )
( 15, 15 )
Stripe 4
Concat ended-------------------
merging done :) ....................
P after merge
-9223372036854775808
10
15
25
30
9223372036854775807
P done
inelse
wtf
V.size() = 3
xm = 20
v1.size()1
v2.size()2
count = 0
----------------------------
START OF BASE CASE
------------------------------
Stripe 0
x_interval = (17, 20)
y_interval = (-9223372036854775808, 10)
------------------------------
Stripe 1
x_interval = (17, 20)
y_interval = (10, 30)
(17, 20)
------------------------------
Stripe 2
x_interval = (17, 20)
y_interval = (30, 9223372036854775807)
END OF BASE CASE
----------------------------
inelse
wtf
V.size() = 2
xm = 30
v1.size()1
v2.size()1
count = 0
----------------------------
START OF BASE CASE
------------------------------
Stripe 0
x_interval = (20, 30)
y_interval = (-9223372036854775808, 15)
------------------------------
Stripe 1
x_interval = (20, 30)
y_interval = (15, 30)
(20, 20)
------------------------------
Stripe 2
x_interval = (20, 30)
y_interval = (30, 9223372036854775807)
END OF BASE CASE
----------------------------
count = 0
----------------------------
START OF BASE CASE
------------------------------
Stripe 0
x_interval = (30, 9223372036854775807)
y_interval = (-9223372036854775808, 10)
------------------------------
Stripe 1
x_interval = (30, 9223372036854775807)
y_interval = (10, 25)
(30, 40)
------------------------------
Stripe 2
x_interval = (30, 9223372036854775807)
y_interval = (25, 9223372036854775807)
END OF BASE CASE
----------------------------
P1 before merge
-9223372036854775808
15
30
9223372036854775807
P1 done
P2 before merge
-9223372036854775808
10
25
9223372036854775807
P2 done
merging....................
------------------------------
X interval (20 , 30)
y interval (-9223372036854775808 , 15)
Stripe 0
------------------------------
X interval (20 , 30)
y interval (15 , 30)
Stripe 1
(20, 20)
------------------------------
X interval (20 , 30)
y interval (30 , 9223372036854775807)
Stripe 2
########################################
Partition details size:- 6
-9223372036854775808
10
15
25
30
9223372036854775807
##################Parition ended
S Size5
------------------------------
X interval (30 , 9223372036854775807)
y interval (-9223372036854775808 , 10)
Stripe 0
------------------------------
X interval (30 , 9223372036854775807)
y interval (10 , 25)
Stripe 1
(30, 40)
------------------------------
X interval (30 , 9223372036854775807)
y interval (25 , 9223372036854775807)
Stripe 2
########################################
Partition details size:- 6
-9223372036854775808
10
15
25
30
9223372036854775807
##################Parition ended
S Size5
before blacken only S_right
Stripe_right 0
x-int (30 , 9223372036854775807)
Stripe_right 1
x-int (30 , 9223372036854775807)
Stripe_right 2
x-int (30 , 9223372036854775807)
Stripe_right 3
x-int (30 , 9223372036854775807)
Stripe_right 4
x-int (30 , 9223372036854775807)
S_left details
S_left 0
S_left 1
( 20 , 30)
S_left 2
( 20 , 20)
S_left 3
( 20 , 20)
S_left 4
S_right details
S_rightt 0
S_rightt 1
( 30 , 40)
S_rightt 2
( 30 , 40)
S_rightt 3
S_rightt 4
x_union of Stripe 0
x_union of Stripe 0 ends
x_union of Stripe 1
( 20 , 40)
x_union of Stripe 1 ends
x_union of Stripe 2
( 20 , 20)
( 30 , 40)
x_union of Stripe 2 ends
x_union of Stripe 3
( 20 , 20)
x_union of Stripe 3 ends
x_union of Stripe 4
x_union of Stripe 4 ends
Concat details(Only x_union)-----------
Stripe 0
Stripe 1
( 20, 40 )
Stripe 2
( 20, 20 )
( 30, 40 )
Stripe 3
( 20, 20 )
Stripe 4
Concat ended-------------------
merging done :) ....................
P after merge
-9223372036854775808
10
15
25
30
9223372036854775807
P done
P1 before merge
-9223372036854775808
10
30
9223372036854775807
P1 done
P2 before merge
-9223372036854775808
10
15
25
30
9223372036854775807
P2 done
merging....................
------------------------------
X interval (17 , 20)
y interval (-9223372036854775808 , 10)
Stripe 0
------------------------------
X interval (17 , 20)
y interval (10 , 30)
Stripe 1
(17, 20)
------------------------------
X interval (17 , 20)
y interval (30 , 9223372036854775807)
Stripe 2
########################################
Partition details size:- 6
-9223372036854775808
10
15
25
30
9223372036854775807
##################Parition ended
S Size5
------------------------------
X interval (20 , 9223372036854775807)
y interval (-9223372036854775808 , 10)
Stripe 0
------------------------------
X interval (20 , 9223372036854775807)
y interval (10 , 15)
Stripe 1
(20, 40)
------------------------------
X interval (20 , 9223372036854775807)
y interval (15 , 25)
Stripe 2
(20, 20)
(30, 40)
------------------------------
X interval (20 , 9223372036854775807)
y interval (25 , 30)
Stripe 3
(20, 20)
------------------------------
X interval (20 , 9223372036854775807)
y interval (30 , 9223372036854775807)
Stripe 4
########################################
Partition details size:- 6
-9223372036854775808
10
15
25
30
9223372036854775807
##################Parition ended
S Size5
before blacken only S_right
Stripe_right 0
x-int (20 , 9223372036854775807)
Stripe_right 1
x-int (20 , 9223372036854775807)
Stripe_right 2
x-int (20 , 9223372036854775807)
Stripe_right 3
x-int (20 , 9223372036854775807)
Stripe_right 4
x-int (20 , 9223372036854775807)
S_left details
S_left 0
S_left 1
( 17 , 20)
S_left 2
( 17 , 20)
S_left 3
( 17 , 20)
S_left 4
S_right details
S_rightt 0
S_rightt 1
( 20 , 40)
S_rightt 2
( 20 , 20)
( 30 , 40)
S_rightt 3
( 20 , 20)
S_rightt 4
x_union of Stripe 0
x_union of Stripe 0 ends
x_union of Stripe 1
( 17 , 40)
x_union of Stripe 1 ends
x_union of Stripe 2
( 17 , 20)
( 30 , 40)
x_union of Stripe 2 ends
x_union of Stripe 3
( 17 , 20)
x_union of Stripe 3 ends
x_union of Stripe 4
x_union of Stripe 4 ends
Concat details(Only x_union)-----------
Stripe 0
Stripe 1
( 17, 40 )
Stripe 2
( 17, 20 )
( 30, 40 )
Stripe 3
( 17, 20 )
Stripe 4
Concat ended-------------------
merging done :) ....................
P after merge
-9223372036854775808
10
15
25
30
9223372036854775807
P done
P1 before merge
-9223372036854775808
10
15
25
30
9223372036854775807
P1 done
P2 before merge
-9223372036854775808
10
15
25
30
9223372036854775807
P2 done
merging....................
------------------------------
X interval (-9223372036854775808 , 17)
y interval (-9223372036854775808 , 10)
Stripe 0
------------------------------
X interval (-9223372036854775808 , 17)
y interval (10 , 15)
Stripe 1
(10, 17)
------------------------------
X interval (-9223372036854775808 , 17)
y interval (15 , 25)
Stripe 2
(10, 12)
(15, 17)
------------------------------
X interval (-9223372036854775808 , 17)
y interval (25 , 30)
Stripe 3
(10, 12)
(15, 15)
------------------------------
X interval (-9223372036854775808 , 17)
y interval (30 , 9223372036854775807)
Stripe 4
########################################
Partition details size:- 6
-9223372036854775808
10
15
25
30
9223372036854775807
##################Parition ended
S Size5
------------------------------
X interval (17 , 9223372036854775807)
y interval (-9223372036854775808 , 10)
Stripe 0
------------------------------
X interval (17 , 9223372036854775807)
y interval (10 , 15)
Stripe 1
(17, 40)
------------------------------
X interval (17 , 9223372036854775807)
y interval (15 , 25)
Stripe 2
(17, 20)
(30, 40)
------------------------------
X interval (17 , 9223372036854775807)
y interval (25 , 30)
Stripe 3
(17, 20)
------------------------------
X interval (17 , 9223372036854775807)
y interval (30 , 9223372036854775807)
Stripe 4
########################################
Partition details size:- 6
-9223372036854775808
10
15
25
30
9223372036854775807
##################Parition ended
S Size5
before blacken only S_right
Stripe_right 0
x-int (17 , 9223372036854775807)
Stripe_right 1
x-int (17 , 9223372036854775807)
Stripe_right 2
x-int (17 , 9223372036854775807)
Stripe_right 3
x-int (17 , 9223372036854775807)
Stripe_right 4
x-int (17 , 9223372036854775807)
S_left details
S_left 0
S_left 1
( 10 , 17)
S_left 2
( 10 , 12)
( 15 , 17)
S_left 3
( 10 , 12)
( 15 , 15)
S_left 4
S_right details
S_rightt 0
S_rightt 1
( 17 , 40)
S_rightt 2
( 17 , 20)
( 30 , 40)
S_rightt 3
( 17 , 20)
S_rightt 4
x_union of Stripe 0
x_union of Stripe 0 ends
x_union of Stripe 1
( 10 , 40)
x_union of Stripe 1 ends
x_union of Stripe 2
( 10 , 12)
( 15 , 20)
( 30 , 40)
x_union of Stripe 2 ends
x_union of Stripe 3
( 10 , 12)
( 15 , 15)
( 17 , 20)
x_union of Stripe 3 ends
x_union of Stripe 4
x_union of Stripe 4 ends
Concat details(Only x_union)-----------
Stripe 0
Stripe 1
( 10, 40 )
Stripe 2
( 10, 12 )
( 15, 20 )
( 30, 40 )
Stripe 3
( 10, 12 )
( 15, 15 )
( 17, 20 )
Stripe 4
Concat ended-------------------
merging done :) ....................
P after merge
-9223372036854775808
10
15
25
30
9223372036854775807
P done
afr stripes
Measure is: ------------------------------
Stripe 0
x_interval = (-9223372036854775808, 9223372036854775807)
y_interval = (-9223372036854775808, 10)
------------------------------
x_measure = 0
y_measure = (10 - -9223372036854775808)
area = 0
------------------------------
Stripe 1
x_interval = (-9223372036854775808, 9223372036854775807)
y_interval = (10, 15)
(10, 40)
------------------------------
x_measure = 30
y_measure = (15 - 10)
area = 150
------------------------------
Stripe 2
x_interval = (-9223372036854775808, 9223372036854775807)
y_interval = (15, 25)
(10, 12)
(15, 20)
(30, 40)
------------------------------
x_measure = 17
y_measure = (25 - 15)
area = 320
------------------------------
Stripe 3
x_interval = (-9223372036854775808, 9223372036854775807)
y_interval = (25, 30)
(10, 12)
(15, 15)
(17, 20)
------------------------------
x_measure = 5
y_measure = (30 - 25)
area = 345
------------------------------
Stripe 4
x_interval = (-9223372036854775808, 9223372036854775807)
y_interval = (30, 9223372036854775807)
------------------------------
x_measure = 0
y_measure = (9223372036854775807 - 30)
area = 345
345
